warn: alert
warn: alert
warn: alert
warn: alert
warn: alert
warn: alert
error: error
error: error
warn: warn
error: error
warn: warn
error: error
warn: warn
error: error
warn: warn
error: error
warn: warn
fatal: fatal
error: error
warn: warn
fatal: fatal
error: error
warn: warn
fatal: fatal
error: error
warn: warn
error: Error to update password
error: Error to update password
error: Error to update password
error: Error to update password
error: Error to update password
error: Error to update password
error: Error to update password
error: Error to update password
error: Error to update password
error: Error to update password
error: New passwords don't match
error: New passwords don't match
error: The password must be different from the previous one
error: New passwords don't match
error: The password must be different from the previous one
error: error
error:  ReferenceError: undefined,product is not defined,undefined
error:  product is not defined,undefined
error:  product is not defined, undefined
error:  owner is not defined, undefined
error:  owner is not defined, undefined
error:  E11000 duplicate key error collection: ecommerce.products index: code_1 dup key: { code: "AMIGO" }, 11000
error: linea 38 controller products product is not defined, undefined
error: linea 38 controller products product is not defined, undefined
error: linea 38 controller products product is not defined, undefined
error: linea 38 controller products product is not defined, undefined
error: linea 38 controller products product is not defined, undefined
error: linea 38 controller products product is not defined, undefined
error: linea 38 controller products product is not defined, undefined
error: linea 38 controller products product is not defined, undefined
error: linea 38 controller products E11000 duplicate key error collection: ecommerce.products index: code_1 dup key: { code: "AMIGO" }, 11000
error: linea 38 controller products E11000 duplicate key error collection: ecommerce.products index: code_1 dup key: { code: "AMIGO" }, 11000
error: linea 38 controller products product is not defined, undefined
error: linea 38 controller products product is not defined, undefined
error: controller products line 55  product is not defined, undefined
error: controller products line 55  E11000 duplicate key error collection: ecommerce.products index: code_1 dup key: { code: "AMIGO" }, 11000
error: controller products line 55  productDTO.push is not a function, undefined
error: controller products line 55  owner.push is not a function, undefined
error: controller products line 55  user is not defined, undefined
error: controller products line 84  Cannot set headers after they are sent to the client, ERR_HTTP_HEADERS_SENT
error: Logout Error
error: Logout Error
error: controller products line 55  req.logger.error.info is not a function, undefined
error: Logout Error
error: controller products line 55  req.logger.error.info is not a function, undefined
error: Logout Error
error: controller session line 63  CustomError is not defined, undefined
error: Logout Error
error: Controller session line 63 CustomError is not defined, undefined
error: Logout Error Cannot set headers after they are sent to the client {"code":"ERR_HTTP_HEADERS_SENT","stack":"Error [ERR_HTTP_HEADERS_SENT]: Cannot set headers after they are sent to the client\n    at new NodeError (node:internal/errors:399:5)\n    at ServerResponse.setHeader (node:_http_outgoing:663:11)\n    at ServerResponse.header (C:\\Users\\BANGHO\\Desktop\\mail recover\\node_modules\\express\\lib\\response.js:794:10)\n    at ServerResponse.send (C:\\Users\\BANGHO\\Desktop\\mail recover\\node_modules\\express\\lib\\response.js:174:12)\n    at ServerResponse.json (C:\\Users\\BANGHO\\Desktop\\mail recover\\node_modules\\express\\lib\\response.js:278:15)\n    at ServerResponse.send (C:\\Users\\BANGHO\\Desktop\\mail recover\\node_modules\\express\\lib\\response.js:162:21)\n    at file:///C:/Users/BANGHO/Desktop/mail%20recover/src/controllers/routes/session.js:47:33\n    at C:\\Users\\BANGHO\\Desktop\\mail recover\\node_modules\\connect-mongo\\build\\main\\lib\\MongoStore.js:377:13\n    at process.processTicksAndRejections (node:internal/process/task_queues:95:5)"}
error: Controller middleware line 11 Cannot read properties of undefined (reading 'email'), undefined
error: Controller middleware line 11 Cannot read properties of undefined (reading 'email'), undefined
error: Middleware auth.js line 11 Cannot read properties of undefined (reading 'email'), undefined
error: Middleware auth.js line 35 Cannot read properties of undefined (reading 'email'), undefined
error: Middleware auth.js line 35 Cannot read properties of undefined (reading 'email'), undefined
error: Middleware auth.js line 35 Cannot read properties of undefined (reading 'email'), undefined
error: Middleware auth.js line 35 Cannot read properties of undefined (reading 'email'), undefined
error: Middleware auth.js line 35 Cannot read properties of undefined (reading 'email'), undefined
error: controller products line 38  Cannot read properties of undefined (reading 'premium'), undefined
error: controller products line 38  Cannot read properties of undefined (reading 'premium'), undefined
error: controller products line 38  Cannot read properties of undefined (reading 'premium'), undefined
error: controller products line 38  Cannot read properties of undefined (reading 'premium'), undefined
error: controller products line 38  Cannot read properties of undefined (reading 'premium'), undefined
error: controller products line 38  Cannot read properties of undefined (reading 'premium'), undefined
error: controller products line 38  Cannot read properties of undefined (reading 'premium'), undefined
error: controller products line 38  Cannot read properties of undefined (reading 'premium'), undefined
error: controller products line 38  Cannot read properties of undefined (reading 'premium'), undefined
error: controller products line 38  Cannot read properties of undefined (reading 'premium'), undefined
error: controller products line 38  Cannot read properties of undefined (reading 'premium'), undefined
error: controller products line 38  Cannot read properties of undefined (reading 'premium'), undefined
error: controller products line 38  Cannot read properties of undefined (reading 'premium'), undefined
error: controller products line 38  Cannot read properties of undefined (reading 'premium'), undefined
error: controller products line 38  Cannot read properties of undefined (reading 'premium'), undefined
error: controller products line 38  E11000 duplicate key error collection: ecommerce.products index: code_1 dup key: { code: "1123fe" }, 11000
error: controller products line 38  Cannot read properties of undefined (reading 'premium'), undefined
error: controller products line 38  Cannot read properties of undefined (reading 'premium'), undefined
error: controller products line 38  Cannot read properties of undefined (reading 'premium'), undefined
error: controller products line 38  Cannot read properties of undefined (reading 'premium'), undefined
error: controller products line 38  Cannot read properties of undefined (reading 'premium'), undefined
error: controller products line 38  Error triying to create Product, 2
error: controller products line 38  Cannot read properties of undefined (reading 'premium'), undefined
error: controller products line 38  Error triying to create Product, 2
error: controller products line 38  E11000 duplicate key error collection: ecommerce.products index: code_1 dup key: { code: "1123fe" }, 11000
error: controller products line 38  E11000 duplicate key error collection: ecommerce.products index: code_1 dup key: { code: "1123fe" }, 11000
error: controller products line 38  E11000 duplicate key error collection: ecommerce.products index: code_1 dup key: { code: "1123fe" }, 11000
error: controller products line 38  Cannot read properties of undefined (reading 'premium'), undefined
error: controller products line 38  Cannot read properties of undefined (reading 'premium'), undefined
error: Middleware auth.js line 35 Cannot read properties of undefined (reading 'email'), undefined
error: controller products line 38  Cannot read properties of undefined (reading 'premium'), undefined
error: Middleware auth.js line 35 Cannot read properties of undefined (reading 'email'), undefined
error: controller products line 38  Cannot read properties of undefined (reading 'premium'), undefined
error: Middleware auth.js line 35 Cannot read properties of undefined (reading 'email'), undefined
error: controller products line 38  Cannot read properties of undefined (reading 'premium'), undefined
error: Middleware auth.js line 35 Cannot read properties of undefined (reading 'email'), undefined
error: controller products line 38  E11000 duplicate key error collection: ecommerce.products index: code_1 dup key: { code: "1123fe" }, 11000
error: controller products line 38  E11000 duplicate key error collection: ecommerce.products index: code_1 dup key: { code: "1123fe" }, 11000
error: Middleware auth.js line 35 Cannot read properties of undefined (reading 'email'), undefined
error: Middleware auth.js line 35 Cannot read properties of undefined (reading 'email'), undefined
error: controller products line 38  E11000 duplicate key error collection: ecommerce.products index: code_1 dup key: { code: "1123fe" }, 11000
error: Middleware auth.js line 35 Cannot read properties of undefined (reading 'email'), undefined
error: Middleware auth.js line 35 Cannot read properties of undefined (reading 'email'), undefined
error: controller products line 100  Cannot read properties of undefined (reading 'premium'), undefined
error: controller products line 100  Cannot read properties of undefined (reading 'premium'), undefined
error: controller products line 100  Cannot read properties of undefined (reading 'premium'), undefined
error: controller products line 100  Cannot read properties of undefined (reading 'premium'), undefined
error: controller products line 38  E11000 duplicate key error collection: ecommerce.products index: code_1 dup key: { code: "1123fe" }, 11000
error: controller products line 100  Cannot read properties of undefined (reading 'premium'), undefined
error: controller products line 100  Cannot read properties of undefined (reading 'premium'), undefined
error: controller products line 100  Cannot read properties of undefined (reading 'premium'), undefined
error: controller products line 38  E11000 duplicate key error collection: ecommerce.products index: code_1 dup key: { code: "1123fe" }, 11000
error: controller products line 100  Cannot read properties of undefined (reading 'premium'), undefined
error: controller products line 100  Cannot read properties of undefined (reading 'premium'), undefined
error: controller products line 100  Cannot read properties of undefined (reading 'premium'), undefined
error: controller products line 100  Cannot read properties of undefined (reading 'premium'), undefined
error: controller products line 38  E11000 duplicate key error collection: ecommerce.products index: code_1 dup key: { code: "1123fe" }, 11000
error: controller products line 100  Cannot read properties of undefined (reading 'premium'), undefined
error: controller products line 100  Cannot read properties of undefined (reading 'premium'), undefined
error: controller products line 100  Cannot read properties of undefined (reading 'premium'), undefined
error: controller products line 100  Cannot read properties of undefined (reading 'premium'), undefined
error: controller products line 100  Cannot read properties of undefined (reading 'premium'), undefined
error: controller products line 38  E11000 duplicate key error collection: ecommerce.products index: code_1 dup key: { code: "1123fe" }, 11000
error: controller products line 100  Cannot read properties of undefined (reading 'premium'), undefined
error: controller products line 100  Cannot read properties of undefined (reading 'premium'), undefined
error: controller products line 100  Cannot read properties of undefined (reading '_id'), undefined
error: Controller session line 117 Cannot read properties of undefined (reading 'email'), undefined
error: Controller session line 117 Cannot read properties of undefined (reading 'email'), undefined
error: Controller session line 117 Cannot read properties of undefined (reading 'email'), undefined
error: Controller session line 117 Cannot read properties of undefined (reading 'email'), undefined
error: Controller session line 117 Cannot read properties of undefined (reading 'email'), undefined
error: Middleware auth.js line 46 Cannot read properties of undefined (reading 'role'), undefined
error: Middleware auth.js line 46 Cannot read properties of undefined (reading 'role'), undefined
error: Middleware auth.js line 46 Cannot read properties of undefined (reading 'role'), undefined
error: Middleware auth.js line 46 Cannot read properties of undefined (reading 'role'), undefined
error: Middleware auth.js line 46 Cannot read properties of undefined (reading 'role'), undefined
error: Middleware auth.js line 46 Cannot read properties of undefined (reading 'role'), undefined
error: Middleware auth.js line 46 Cannot read properties of undefined (reading 'role'), undefined
error: Middleware auth.js line 46 Cannot read properties of undefined (reading 'role'), undefined
error: Middleware auth.js line 46 Cannot read properties of undefined (reading 'role'), undefined
error: Middleware auth.js line 46 Cannot read properties of undefined (reading 'role'), undefined
error: Middleware auth.js line 46 Cannot read properties of undefined (reading 'role'), undefined
error: Middleware auth.js line 46 Cannot read properties of undefined (reading 'role'), undefined
error: Middleware auth.js line 46 Cannot read properties of undefined (reading 'role'), undefined
error: Middleware auth.js line 46 Cannot read properties of undefined (reading 'role'), undefined
error: Controller cart line 92 Cannot read properties of undefined (reading 'premium'), undefined
error: Middleware auth.js line 46 Cannot read properties of undefined (reading 'role'), undefined
error: Middleware auth.js line 46 Cannot read properties of undefined (reading 'role'), undefined
error: Middleware auth.js line 46 Cannot read properties of undefined (reading 'role'), undefined
error: Middleware auth.js line 46 Cannot read properties of undefined (reading 'role'), undefined
error: Middleware auth.js line 46 Cannot read properties of undefined (reading 'role'), undefined
error: Middleware auth.js line 46 Cannot read properties of undefined (reading 'role'), undefined
error: Middleware auth.js line 46 Cannot read properties of undefined (reading 'role'), undefined
error: Middleware auth.js line 46 Cannot read properties of undefined (reading 'role'), undefined
error: Middleware auth.js line 46 Cannot read properties of undefined (reading 'role'), undefined
error: Middleware auth.js line 46 Cannot read properties of undefined (reading 'role'), undefined
error: Middleware auth.js line 46 Cannot read properties of undefined (reading 'role'), undefined
error: Middleware auth.js line 46 Cannot read properties of undefined (reading 'role'), undefined
error: Middleware auth.js line 46 Cannot read properties of undefined (reading 'role'), undefined
error: Middleware auth.js line 35 email is not defined, undefined
error: Middleware auth.js line 35 Cannot read properties of undefined (reading 'email'), undefined
error: Middleware auth.js line 35 Cannot read properties of undefined (reading 'email'), undefined
error: Middleware auth.js line 35 Cannot read properties of undefined (reading 'email'), undefined
error: Middleware auth.js line 35 Cannot read properties of undefined (reading 'email'), undefined
error: Controller session line 117 Cannot read properties of undefined (reading 'first_name'), undefined
error: Controller session line 117 Cannot read properties of undefined (reading 'first_name'), undefined
error: Controller session line 117 Cannot read properties of undefined (reading 'first_name'), undefined
error: Middleware auth.js line 35 Cannot read properties of undefined (reading 'email'), undefined
error: controller products line 38  E11000 duplicate key error collection: ecommerce.products index: code_1 dup key: { code: "1123fe" }, 11000
error: error sending nodemailer Missing credentials for "PLAIN" {"code":"EAUTH","command":"API","stack":"Error: Missing credentials for \"PLAIN\"\n    at SMTPConnection._formatError (C:\\Users\\BANGHO\\Desktop\\Sixteenth-Challenge-Swagger-back-end-nodeJs\\node_modules\\nodemailer\\lib\\smtp-connection\\index.js:790:19)\n    at SMTPConnection.login (C:\\Users\\BANGHO\\Desktop\\Sixteenth-Challenge-Swagger-back-end-nodeJs\\node_modules\\nodemailer\\lib\\smtp-connection\\index.js:444:38)\n    at C:\\Users\\BANGHO\\Desktop\\Sixteenth-Challenge-Swagger-back-end-nodeJs\\node_modules\\nodemailer\\lib\\smtp-transport\\index.js:272:32\n    at SMTPConnection.<anonymous> (C:\\Users\\BANGHO\\Desktop\\Sixteenth-Challenge-Swagger-back-end-nodeJs\\node_modules\\nodemailer\\lib\\smtp-connection\\index.js:213:17)\n    at Object.onceWrapper (node:events:627:28)\n    at SMTPConnection.emit (node:events:513:28)\n    at SMTPConnection._actionEHLO (C:\\Users\\BANGHO\\Desktop\\Sixteenth-Challenge-Swagger-back-end-nodeJs\\node_modules\\nodemailer\\lib\\smtp-connection\\index.js:1347:14)\n    at SMTPConnection._processResponse (C:\\Users\\BANGHO\\Desktop\\Sixteenth-Challenge-Swagger-back-end-nodeJs\\node_modules\\nodemailer\\lib\\smtp-connection\\index.js:969:20)\n    at SMTPConnection._onData (C:\\Users\\BANGHO\\Desktop\\Sixteenth-Challenge-Swagger-back-end-nodeJs\\node_modules\\nodemailer\\lib\\smtp-connection\\index.js:755:14)\n    at SMTPConnection._onSocketData (C:\\Users\\BANGHO\\Desktop\\Sixteenth-Challenge-Swagger-back-end-nodeJs\\node_modules\\nodemailer\\lib\\smtp-connection\\index.js:193:44)"}
error: error sending nodemailer Missing credentials for "PLAIN" {"code":"EAUTH","command":"API","stack":"Error: Missing credentials for \"PLAIN\"\n    at SMTPConnection._formatError (C:\\Users\\BANGHO\\Desktop\\Sixteenth-Challenge-Swagger-back-end-nodeJs\\node_modules\\nodemailer\\lib\\smtp-connection\\index.js:790:19)\n    at SMTPConnection.login (C:\\Users\\BANGHO\\Desktop\\Sixteenth-Challenge-Swagger-back-end-nodeJs\\node_modules\\nodemailer\\lib\\smtp-connection\\index.js:444:38)\n    at C:\\Users\\BANGHO\\Desktop\\Sixteenth-Challenge-Swagger-back-end-nodeJs\\node_modules\\nodemailer\\lib\\smtp-transport\\index.js:272:32\n    at SMTPConnection.<anonymous> (C:\\Users\\BANGHO\\Desktop\\Sixteenth-Challenge-Swagger-back-end-nodeJs\\node_modules\\nodemailer\\lib\\smtp-connection\\index.js:213:17)\n    at Object.onceWrapper (node:events:627:28)\n    at SMTPConnection.emit (node:events:513:28)\n    at SMTPConnection._actionEHLO (C:\\Users\\BANGHO\\Desktop\\Sixteenth-Challenge-Swagger-back-end-nodeJs\\node_modules\\nodemailer\\lib\\smtp-connection\\index.js:1347:14)\n    at SMTPConnection._processResponse (C:\\Users\\BANGHO\\Desktop\\Sixteenth-Challenge-Swagger-back-end-nodeJs\\node_modules\\nodemailer\\lib\\smtp-connection\\index.js:969:20)\n    at SMTPConnection._onData (C:\\Users\\BANGHO\\Desktop\\Sixteenth-Challenge-Swagger-back-end-nodeJs\\node_modules\\nodemailer\\lib\\smtp-connection\\index.js:755:14)\n    at SMTPConnection._onSocketData (C:\\Users\\BANGHO\\Desktop\\Sixteenth-Challenge-Swagger-back-end-nodeJs\\node_modules\\nodemailer\\lib\\smtp-connection\\index.js:193:44)"}
error: error sending nodemailer Missing credentials for "PLAIN" {"code":"EAUTH","command":"API","stack":"Error: Missing credentials for \"PLAIN\"\n    at SMTPConnection._formatError (C:\\Users\\BANGHO\\Desktop\\Sixteenth-Challenge-Swagger-back-end-nodeJs\\node_modules\\nodemailer\\lib\\smtp-connection\\index.js:790:19)\n    at SMTPConnection.login (C:\\Users\\BANGHO\\Desktop\\Sixteenth-Challenge-Swagger-back-end-nodeJs\\node_modules\\nodemailer\\lib\\smtp-connection\\index.js:444:38)\n    at C:\\Users\\BANGHO\\Desktop\\Sixteenth-Challenge-Swagger-back-end-nodeJs\\node_modules\\nodemailer\\lib\\smtp-transport\\index.js:272:32\n    at SMTPConnection.<anonymous> (C:\\Users\\BANGHO\\Desktop\\Sixteenth-Challenge-Swagger-back-end-nodeJs\\node_modules\\nodemailer\\lib\\smtp-connection\\index.js:213:17)\n    at Object.onceWrapper (node:events:627:28)\n    at SMTPConnection.emit (node:events:513:28)\n    at SMTPConnection._actionEHLO (C:\\Users\\BANGHO\\Desktop\\Sixteenth-Challenge-Swagger-back-end-nodeJs\\node_modules\\nodemailer\\lib\\smtp-connection\\index.js:1347:14)\n    at SMTPConnection._processResponse (C:\\Users\\BANGHO\\Desktop\\Sixteenth-Challenge-Swagger-back-end-nodeJs\\node_modules\\nodemailer\\lib\\smtp-connection\\index.js:969:20)\n    at SMTPConnection._onData (C:\\Users\\BANGHO\\Desktop\\Sixteenth-Challenge-Swagger-back-end-nodeJs\\node_modules\\nodemailer\\lib\\smtp-connection\\index.js:755:14)\n    at SMTPConnection._onSocketData (C:\\Users\\BANGHO\\Desktop\\Sixteenth-Challenge-Swagger-back-end-nodeJs\\node_modules\\nodemailer\\lib\\smtp-connection\\index.js:193:44)"}
error: Middleware auth.js line 35 Cannot read properties of undefined (reading 'premium'), undefined
error: Controller session line 63 Cannot read properties of undefined (reading 'email'), undefined
error: Controller session line 63 identification is not defined, undefined
error: Controller session line 63 user is not defined, undefined
error: Controller session line 63 user is not defined, undefined
error: Controller session line 63 documents is not defined, undefined
error: Controller session line 63 Cannot read properties of undefined (reading 'name'), undefined
error: Controller session line 63 Cannot read properties of undefined (reading 'name'), undefined
error: Controller session line 63 Cannot read properties of undefined (reading 'name'), undefined
error: controller products line 46  Error triying to create Product, 2
error: controller products line 46  Error triying to create Product, 2
error: controller products line 46  Error triying to create Product, 2
error: controller products line 46  Error triying to create Product, 2
error: controller products line 46  Error triying to create Product, 2
error: controller products line 46  Error triying to create Product, 2
error: controller products line 46  Error triying to create Product, 2
error: controller products line 46  Error triying to create Product, 2
error: controller products line 46  Error triying to create Product, 2
error: controller products line 46  Error triying to create Product, 2
error: controller products line 46  Error triying to create Product, 2
error: controller products line 46  Error triying to create Product, 2
error: controller products line 46  Error trying to create Product, 2
error: controller products line 46  Error trying to create Product, 2
error: controller products line 46  Error trying to create Product, 2
error: controller products line 46  Error triying to create Product, 2
error: controller products line 46  Error triying to create Product, 2
error: Middleware auth.js line 35 Cannot read properties of undefined (reading 'premium'), undefined
error: Middleware auth.js line 35 Cannot read properties of undefined (reading 'premium'), undefined
error: controller products line 46  Error triying to create Product, 2
error: controller products line 46  Error triying to create Product, 2
error: controller products line 46  Error triying to create Product, 2
error: controller products line 46  Error triying to create Product, 2
error: controller products line 46  Error trying to create Product, 2
error: controller products line 46  Error trying to create Product, 2
error: controller products line 46  Error trying to create Product, 2
error: controller products line 46  Error trying to create Product, 2
error: controller products line 46  Error trying to create Product, 2
error: controller products line 46  tipeof is not defined, undefined
error: controller products line 46  Assignment to constant variable., undefined
error: controller products line 46  Error trying to create Product, 2
error: controller products line 46  thumbnail is not defined, undefined
error: controller products line 46  Error trying to create Product, 2
error: controller products line 46  path is not defined, undefined
error: controller products line 46  __dirname is not defined, undefined
error: controller products line 46  products validation failed: thumbnail: Cast to embedded failed for value "C:\\Users\\BANGHO\\Desktop\\Sixteenth-Challenge-Swagger-back-end-nodeJs - copia\\src\\public\\products\\Captura de pantalla 2023-11-23 194230.png" (type string) at path "thumbnail" because of "ObjectParameterError", undefined
error: controller products line 46  products validation failed: thumbnail: Cast to embedded failed for value "C:\\Users\\BANGHO\\Desktop\\Sixteenth-Challenge-Swagger-back-end-nodeJs - copia\\src\\public\\products\\Captura de pantalla 2023-11-23 194230.png" (type string) at path "thumbnail" because of "ObjectParameterError", undefined
